=== L1: Answer naturally, the way a real person would.... (3120 calls) ===
  100/3120 calls  (4s)
  200/3120 calls  (10s)
  300/3120 calls  (19s)
  400/3120 calls  (38s)
  500/3120 calls  (43s)
  600/3120 calls  (46s)
  700/3120 calls  (53s)
  800/3120 calls  (56s)
  900/3120 calls  (75s)
  1000/3120 calls  (79s)
  1100/3120 calls  (86s)
  1200/3120 calls  (90s)
  1300/3120 calls  (104s)
  1400/3120 calls  (111s)
  1500/3120 calls  (121s)
  1600/3120 calls  (131s)
  1700/3120 calls  (159s)
  1800/3120 calls  (169s)
  1900/3120 calls  (186s)
  2000/3120 calls  (213s)
  2100/3120 calls  (220s)
  2200/3120 calls  (386s)
  2300/3120 calls  (512s)
  2400/3120 calls  (525s)
  2500/3120 calls  (532s)
  2600/3120 calls  (542s)
  2700/3120 calls  (550s)
  2800/3120 calls  (557s)
  2900/3120 calls  (568s)
  3000/3120 calls  (601s)
  3100/3120 calls  (642s)
  3120/3120 calls  (765s)
-> /Users/parikh/dev/modelun/studies/consensus/probes/sweep_L1.json
=== L2: You are a random member of the public being asked ... (3120 calls) ===
  100/3120 calls  (4s)
  200/3120 calls  (9s)
  300/3120 calls  (19s)
  400/3120 calls  (39s)
  500/3120 calls  (43s)
  600/3120 calls  (47s)
  700/3120 calls  (56s)
  800/3120 calls  (60s)
  900/3120 calls  (80s)
  1000/3120 calls  (84s)
  1100/3120 calls  (90s)
  1200/3120 calls  (94s)
  1300/3120 calls  (107s)
  1400/3120 calls  (111s)
  1500/3120 calls  (118s)
  1600/3120 calls  (128s)
  1700/3120 calls  (155s)
  1800/3120 calls  (160s)
  1900/3120 calls  (190s)
  2000/3120 calls  (215s)
  2100/3120 calls  (221s)
  2200/3120 calls  (332s)
  2300/3120 calls  (764s)
  2400/3120 calls  (773s)
  2500/3120 calls  (778s)
  2600/3120 calls  (783s)
  2700/3120 calls  (788s)
  2800/3120 calls  (791s)
  2900/3120 calls  (799s)
  3000/3120 calls  (820s)
  3100/3120 calls  (895s)
  3120/3120 calls  (923s)
-> /Users/parikh/dev/modelun/studies/consensus/probes/sweep_L2.json
=== L4: Give an unusual, non-obvious answer to this questi... (3120 calls) ===
  100/3120 calls  (4s)
  200/3120 calls  (10s)
  300/3120 calls  (21s)
  400/3120 calls  (44s)
  500/3120 calls  (50s)
  600/3120 calls  (54s)
  700/3120 calls  (67s)
  800/3120 calls  (73s)
  900/3120 calls  (112s)
  1000/3120 calls  (118s)
  1100/3120 calls  (124s)
  1200/3120 calls  (129s)
  1300/3120 calls  (158s)
  1400/3120 calls  (165s)
  1500/3120 calls  (173s)
  1600/3120 calls  (193s)
  1700/3120 calls  (221s)
  1800/3120 calls  (227s)
  1900/3120 calls  (324s)
  2000/3120 calls  (550s)
  2100/3120 calls  (579s)
  2200/3120 calls  (803s)
  2300/3120 calls  (941s)
  2400/3120 calls  (951s)
  2500/3120 calls  (956s)
  2600/3120 calls  (964s)
  2700/3120 calls  (971s)
  2800/3120 calls  (977s)
  2900/3120 calls  (1007s)
  3000/3120 calls  (1070s)
  3100/3120 calls  (1099s)
  3120/3120 calls  (1247s)
-> /Users/parikh/dev/modelun/studies/consensus/probes/sweep_L4.json
sweep complete
